1564250078336	mozrunner::runner	INFO	Running command: "C:\\Program Files\\Mozilla Firefox\\firefox.exe" "-marionette" "-foreground" "-no-remote" "-profile" "C:\\Users\\BEEKAY~1\\AppData\\Local\\Temp\\rust_mozprofile.BLSpFNWMeU5P"
Unable to read VR Path Registry from C:\Users\Bee kay\AppData\Local\openvr\openvrpaths.vrpath
Unable to read VR Path Registry from C:\Users\Bee kay\AppData\Local\openvr\openvrpaths.vrpath
Unable to read VR Path Registry from C:\Users\Bee kay\AppData\Local\openvr\openvrpaths.vrpath
Unable to read VR Path Registry from C:\Users\Bee kay\AppData\Local\openvr\openvrpaths.vrpath
1564250085128	Marionette	INFO	Listening on port 51944
1564250085765	Marionette	WARN	TLS certificate errors will be ignored for this session
Unable to read VR Path Registry from C:\Users\Bee kay\AppData\Local\openvr\openvrpaths.vrpath
[Parent 984, Gecko_IOThread] WARNING: pipe error: 109: file z:/build/build/src/ipc/chromium/src/chrome/common/ipc_channel_win.cc, line 332

###!!! [Child][RunMessage] Error: Channel closing: too late to send/recv, messages will be lost

[Parent 984, Gecko_IOThread] WARNING: pipe error: 109: file z:/build/build/src/ipc/chromium/src/chrome/common/ipc_channel_win.cc, line 332

###!!! [Child][MessageChannel::SendAndWait] Error: Channel error: cannot send/recv

1564250361914	mozrunner::runner	INFO	Running command: "C:\\Program Files\\Mozilla Firefox\\firefox.exe" "-marionette" "-foreground" "-no-remote" "-profile" "C:\\Users\\BEEKAY~1\\AppData\\Local\\Temp\\rust_mozprofile.8AqqFzm6MorI"
Unable to read VR Path Registry from C:\Users\Bee kay\AppData\Local\openvr\openvrpaths.vrpath
Unable to read VR Path Registry from C:\Users\Bee kay\AppData\Local\openvr\openvrpaths.vrpath
Unable to read VR Path Registry from C:\Users\Bee kay\AppData\Local\openvr\openvrpaths.vrpath
Unable to read VR Path Registry from C:\Users\Bee kay\AppData\Local\openvr\openvrpaths.vrpath
Unable to read VR Path Registry from C:\Users\Bee kay\AppData\Local\openvr\openvrpaths.vrpath
1564250369156	Marionette	INFO	Listening on port 52066
1564250369675	Marionette	WARN	TLS certificate errors will be ignored for this session
[Parent 19732, Gecko_IOThread] WARNING: pipe error: 109: file z:/build/build/src/ipc/chromium/src/chrome/common/ipc_channel_win.cc, line 332
[Child 10580, Chrome_ChildThread] WARNING: pipe error: 109: file z:/build/build/src/ipc/chromium/src/chrome/common/ipc_channel_win.cc, line 332

###!!! [Child][RunMessage] Error: Channel closing: too late to send/recv, messages will be lost

[Parent 19732, Gecko_IOThread] WARNING: pipe error: 109: file z:/build/build/src/ipc/chromium/src/chrome/common/ipc_channel_win.cc, line 332
[Child 9268, Chrome_ChildThread] WARNING: pipe error: 109: file z:/build/build/src/ipc/chromium/src/chrome/common/ipc_channel_win.cc, line 332
[Child 9268, Chrome_ChildThread] WARNING: pipe error: 109: file*** UTM:SVC TimerManager:registerTimer called after profile-before-change notification. Ignoring timer registration for id: telemetry_modules_ping

###!!! [Child][MessageChannel::SendAndWait] Error: Channel error: cannot send/recv

1564250644116	mozrunner::runner	INFO	Running command: "C:\\Program Files\\Mozilla Firefox\\firefox.exe" "-marionette" "-foreground" "-no-remote" "-profile" "C:\\Users\\BEEKAY~1\\AppData\\Local\\Temp\\rust_mozprofile.csvZE3DrYmLo"
Unable to read VR Path Registry from C:\Users\Bee kay\AppData\Local\openvr\openvrpaths.vrpath
Unable to read VR Path Registry from C:\Users\Bee kay\AppData\Local\openvr\openvrpaths.vrpath
Unable to read VR Path Registry from C:\Users\Bee kay\AppData\Local\openvr\openvrpaths.vrpath
Unable to read VR Path Registry from C:\Users\Bee kay\AppData\Local\openvr\openvrpaths.vrpath
Unable to read VR Path Registry from C:\Users\Bee kay\AppData\Local\openvr\openvrpaths.vrpath
1564250650308	Marionette	INFO	Listening on port 52215
1564250650731	Marionette	WARN	TLS certificate errors will be ignored for this session
[Parent 6160, Gecko_IOThread] WARNING: pipe error: 109: file z:/build/build/src/ipc/chromium/src/chrome/common/ipc_channel_win.cc, line 332
[Child 4772, Chrome_ChildThread] WARNING: pipe error: 109: file z:/build/build/src/ipc/chromium/src/chrome/co[mCmon/ipc_channel_win.cc, line 332
hild 10420, Chrome_ChildThread] WARNING: pipe error: 109: file z:/build/build/src/ipc/chromium/src/chrome/common/ipc_channel_win.cc, line 332
[Child [Parent 6160, Gecko_IOThread] WARNING: pipe error: 109: file z:/build/build/src/ipc/chromium/src/chrome/common/ipc_channel_win.cc, line 332
*** UTM:SVC TimerManager:registerTimer called after profile-before-change notification. Ignoring timer registration for id: telemetry_modules_ping

###!!! [Child][MessageChannel::SendAndWait] Error: Channel error: cannot send/recv

1564250701306	mozrunner::runner	INFO	Running command: "C:\\Program Files\\Mozilla Firefox\\firefox.exe" "-marionette" "-foreground" "-no-remote" "-profile" "C:\\Users\\BEEKAY~1\\AppData\\Local\\Temp\\rust_mozprofile.yj0PW2SfItcj"
Unable to read VR Path Registry from C:\Users\Bee kay\AppData\Local\openvr\openvrpaths.vrpath
Unable to read VR Path Registry from C:\Users\Bee kay\AppData\Local\openvr\openvrpaths.vrpath
Unable to read VR Path Registry from C:\Users\Bee kay\AppData\Local\openvr\openvrpaths.vrpath
Unable to read VR Path Registry from C:\Users\Bee kay\AppData\Local\openvr\openvrpaths.vrpath
Unable to read VR Path Registry from C:\Users\Bee kay\AppData\Local\openvr\openvrpaths.vrpath
1564250707480	Marionette	INFO	Listening on port 52280
1564250707907	Marionette	WARN	TLS certificate errors will be ignored for this session
[Child 96
###!!! [Child][RunMessage] Error: Channel closing: too late to send/recv, messages will be lost

00, Chrome_ChildThread] WARNING: pipe error: 109: file z:/build/build/src/ipc/chromium/src/chrome/common/ipc_channel_win.cc, line 332
[Child [Parent 17332, Gecko_IOThread] WARNING: pipe error: 109: file z:/build/build/src/ipc/chromium/src/chrome/common/ipc_channel_win.cc, line 332
[Child 2128, Chrome_ChildThread] WARNING: pipe error: 109: file z:/build/build/src/ipc/chromium/src/chrome/common/ipc_channel_win.cc, line 332
[Child 2128, Chrome_ChildThrea
###!!! [Child][MessageChannel::SendAndWait] Error: Channel error: cannot send/recv

1564250794792	mozrunner::runner	INFO	Running command: "C:\\Program Files\\Mozilla Firefox\\firefox.exe" "-marionette" "-foreground" "-no-remote" "-profile" "C:\\Users\\BEEKAY~1\\AppData\\Local\\Temp\\rust_mozprofile.T4qGp6RZUHf7"
Unable to read VR Path Registry from C:\Users\Bee kay\AppData\Local\openvr\openvrpaths.vrpath
Unable to read VR Path Registry from C:\Users\Bee kay\AppData\Local\openvr\openvrpaths.vrpath
Unable to read VR Path Registry from C:\Users\Bee kay\AppData\Local\openvr\openvrpaths.vrpath
Unable to read VR Path Registry from C:\Users\Bee kay\AppData\Local\openvr\openvrpaths.vrpath
Unable to read VR Path Registry from C:\Users\Bee kay\AppData\Local\openvr\openvrpaths.vrpath
1564250801235	Marionette	INFO	Listening on port 52345
1564250801780	Marionette	WARN	TLS certificate errors will be ignored for this session
[Parent 23048, Gecko_IOThread] WARNING: pipe error: 109: file z:/build/build/src/ipc/chromium/src/chrome/common/ipc_channel_win.cc, line 332

###!!! [Child][MessageChannel::SendAndWait] Error: Channel error: cannot send/recv

1564251018074	mozrunner::runner	INFO	Running command: "C:\\Program Files\\Mozilla Firefox\\firefox.exe" "-marionette" "-foreground" "-no-remote" "-profile" "C:\\Users\\BEEKAY~1\\AppData\\Local\\Temp\\rust_mozprofile.6Ftqo75zQPPQ"
Unable to read VR Path Registry from C:\Users\Bee kay\AppData\Local\openvr\openvrpaths.vrpath
Unable to read VR Path Registry from C:\Users\Bee kay\AppData\Local\openvr\openvrpaths.vrpath
Unable to read VR Path Registry from C:\Users\Bee kay\AppData\Local\openvr\openvrpaths.vrpath
Unable to read VR Path Registry from C:\Users\Bee kay\AppData\Local\openvr\openvrpaths.vrpath
Unable to read VR Path Registry from C:\Users\Bee kay\AppData\Local\openvr\openvrpaths.vrpath
1564251024318	Marionette	INFO	Listening on port 52433
1564251024762	Marionette	WARN	TLS certificate errors will be ignored for this session
[Parent 1708, Gecko_IOThread] WARNING: pipe error: 109: file z:/build/build/src/ipc/chromium/src/chrome/common/ipc_channel_win.cc, line 332
[Child 19808, Chrome_ChildThread] WARNING: pipe error: 109: file z:/build/build/src/ipc/chromium/src/chrome/common/ipc_channel_win.cc, line 332
[Child 19808
###!!! [Child][MessageChannel::SendAndWait] Error: Channel error: cannot send/recv

1564251108196	mozrunner::runner	INFO	Running command: "C:\\Program Files\\Mozilla Firefox\\firefox.exe" "-marionette" "-foreground" "-no-remote" "-profile" "C:\\Users\\BEEKAY~1\\AppData\\Local\\Temp\\rust_mozprofile.COxoLu2uwlvm"
Unable to read VR Path Registry from C:\Users\Bee kay\AppData\Local\openvr\openvrpaths.vrpath
Unable to read VR Path Registry from C:\Users\Bee kay\AppData\Local\openvr\openvrpaths.vrpath
Unable to read VR Path Registry from C:\Users\Bee kay\AppData\Local\openvr\openvrpaths.vrpath
Unable to read VR Path Registry from C:\Users\Bee kay\AppData\Local\openvr\openvrpaths.vrpath
Unable to read VR Path Registry from C:\Users\Bee kay\AppData\Local\openvr\openvrpaths.vrpath
1564251114304	Marionette	INFO	Listening on port 52481
1564251115124	Marionette	WARN	TLS certificate errors will be ignored for this session
[Child 21872, Chrome_ChildThread] WARNING: pipe error: 109: file z:/build/build/src/ipc/chromium/src/chrome/common/ipc_channel_win.cc, line 332
[Child[Child 13476, Chrome_ChildThread] WARNING: pipe error: 109: file z:/build/buildUnable to read VR Path Registry from C:\Users\Bee kay\AppData\Local\openvr\openvrpaths.vrpath
Unable to read VR Path Registry from C:\Users\Bee kay\AppData\Local\openvr\openvrpaths.vrpath
Unable to read VR Path Registry from C:\Users\Bee kay\AppData\Local\openvr\openvrpaths.vrpath
Unable to read VR Path Registry from C:\Users\Bee kay\AppData\Local\openvr\openvrpaths.vrpath
Unable to read VR Path Registry from C:\Users\Bee kay\AppData\Local\openvr\openvrpaths.vrpath
1564251391271	Marionette	INFO	Listening on port 52608
1564251391833	Marionette	WARN	TLS certificate errors will be ignored for this session
[Parent 22580, Gecko_IOThread] WARNING: pipe error: 109: file z:/build/build/src/ipc/chromium/src/chrome/common/ipc_channel_win.cc, line 332
[Child 17012, Chrome_ChildThread] WARNING: pipe error: 109: file z:/build/build/src/ipc/chromium/src/chrome/common/ipc_channel_win.cc, line 332
[Child 23968, Chrome_ChildThread] WARNING: pipe error: 109: file z:/build/build/src/ipc/chromium/src/chrome/common/ipc_channel_win.
###!!! [Child][RunMessage] Error: Channel closing: too late to send/recv, messages will be lost

cc, line 332
[Parent 22580, Gecko_IOThread] WARNING: pipe error: 109: file z:/build/build/src/ipc/chromium/src/chrome/common/ipc_channel_win.cc, line 332
1564253481119	mozrunner::runner	INFO	Running command: "C:\\Program Files\\Mozilla Firefox\\firefox.exe" "-marionette" "-foreground" "-no-remote" "-profile" "C:\\Users\\BEEKAY~1\\AppData\\Local\\Temp\\rust_mozprofile.VTwjWOiz8o00"
Unable to read VR Path Registry from C:\Users\Bee kay\AppData\Local\openvr\openvrpaths.vrpath
Unable to read VR Path Registry from C:\Users\Bee kay\AppData\Local\openvr\openvrpaths.vrpath
Unable to read VR Path Registry from C:\Users\Bee kay\AppData\Local\openvr\openvrpaths.vrpath
Unable to read VR Path Registry from C:\Users\Bee kay\AppData\Local\openvr\openvrpaths.vrpath
Unable to read VR Path Registry from C:\Users\Bee kay\AppData\Local\openvr\openvrpaths.vrpath
1564253489749	Marionette	INFO	Listening on port 53387
1564253490230	Marionette	WARN	TLS certificate errors will be ignored for this session
[Parent 5716, Gecko_IOThread] WARNING: pipe error: 109: file z:/build/build/src/ipc/chromium/src/chrome/common/ipc_channel_win.cc, line 332
[Parent 5716, Gecko_IOThread] WARNING: pipe error: 109: file z:/build/build/src/ipc/chromium/src/chrome/common/ipc_channel_win.cc, line 332
[Child 19780, Chrome_ChildThread] WARNING: pipe error: 109: file z:/build/build/sr[Chilcd/ip c1/3c980, Chrome_ChildThread] WARNING: pipe errorhromium/src/c: 109: file z:/build/build/src/ihrome/common/ipc_channel_win.cc, plc/chromium/src/chrome/common/ipci_ne 3c3hannel_win.cc, line 332
2
[C[Chilhild 1d 19780, Chrome_ChildThread] WARNING: pipe error: 109: [Parent 5716, Gecko_IOThread] WARNING: pipe error: 109: file z:/build/build/src/ipc/chromium/src/chrome/common/ipc_channel_win.cc, line 332
[Child 2708, Chrome_ChildThread] WARNING: pipe error: 109: file z:/build/build/src/ipc/chromium/src/chrome/common/ipc_channel_win.cc, line 332
[Child 
###!!! [Child][MessageChannel::SendAndWait] Error: Channel error: cannot send/recv

1564254205189	mozrunner::runner	INFO	Running command: "C:\\Program Files\\Mozilla Firefox\\firefox.exe" "-marionette" "-foreground" "-no-remote" "-profile" "C:\\Users\\BEEKAY~1\\AppData\\Local\\Temp\\rust_mozprofile.pPJl4Opdk1bf"
Unable to read VR Path Registry from C:\Users\Bee kay\AppData\Local\openvr\openvrpaths.vrpath
Unable to read VR Path Registry from C:\Users\Bee kay\AppData\Local\openvr\openvrpaths.vrpath
Unable to read VR Path Registry from C:\Users\Bee kay\AppData\Local\openvr\openvrpaths.vrpath
Unable to read VR Path Registry from C:\Users\Bee kay\AppData\Local\openvr\openvrpaths.vrpath
Unable to read VR Path Registry from C:\Users\Bee kay\AppData\Local\openvr\openvrpaths.vrpath
1564254211216	Marionette	INFO	Listening on port 53578
1564254211243	Marionette	WARN	TLS certificate errors will be ignored for this session
[Child 12780, Chrome_ChildThread] WARNING: pipe error: 109: file z:/build/build/src/ipc/chromium/src/chrome/common/ipc_channel_win.cc, line 332[
Child 20652[,C Chrome_ChildThread] WARNING: pipe error: 109: file z:/build/build/src/ipc/chromium/src/chrome/common/ipc_channel_win.cc, line 332
[Chil[Parent 3864, Gecko_IOThread] WARNING: pipe error: 109: file z:/build/build/src/ipc/chromium/src/chrome/common/ipc_channel_win.cc, line 332
*** UTM:SVC TimerManager:registerTimer called after profile-before-change notification. Ignoring timer registration for id: telemetry_modules_ping

###!!! [Child][MessageChannel::SendAndWait] Error: Channel error: cannot send/recv

1564254262176	mozrunner::runner	INFO	Running command: "C:\\Program Files\\Mozilla Firefox\\firefox.exe" "-marionette" "-foreground" "-no-remote" "-profile" "C:\\Users\\BEEKAY~1\\AppData\\Local\\Temp\\rust_mozprofile.V9vq1IAlBeOT"
Unable to read VR Path Registry from C:\Users\Bee kay\AppData\Local\openvr\openvrpaths.vrpath
Unable to read VR Path Registry from C:\Users\Bee kay\AppData\Local\openvr\openvrpaths.vrpath
Unable to read VR Path Registry from C:\Users\Bee kay\AppData\Local\openvr\openvrpaths.vrpath
Unable to read VR Path Registry from C:\Users\Bee kay\AppData\Local\openvr\openvrpaths.vrpath
1564254269330	Marionette	INFO	Listening on port 53635
Unable to read VR Path Registry from C:\Users\Bee kay\AppData\Local\openvr\openvrpaths.vrpath
1564254270096	Marionette	WARN	TLS certificate errors will be ignored for this session
[Parent 2828, Gecko_IOThread] WARNING: pipe error: 109: file z:/build/build/src/ipc/chromium/src/chrome/common/ipc_channel_win.cc, line 332
[Child 13948, Chrome_ChildThread] WARNING: pipe error: 109: file z:/build/build/src/ipc/chromium/src/chrome/common/ipc_channel_win.cc, line 332
[Child 13948, Chrome_Ch[Parent 2828, Gecko_IOThread] WARNING: pipe error: 109: file z:/build/build/src/ipc/chromium/src/chrome/common/ipc_channel_win.cc, line 332

###!!! [Child][MessageChannel::SendAndWait] Error: Channel error: cannot send/recv

1564254361984	mozrunner::runner	INFO	Running command: "C:\\Program Files\\Mozilla Firefox\\firefox.exe" "-marionette" "-foreground" "-no-remote" "-profile" "C:\\Users\\BEEKAY~1\\AppData\\Local\\Temp\\rust_mozprofile.L9xsMytMbstr"
Unable to read VR Path Registry from C:\Users\Bee kay\AppData\Local\openvr\openvrpaths.vrpath
Unable to read VR Path Registry from C:\Users\Bee kay\AppData\Local\openvr\openvrpaths.vrpath
Unable to read VR Path Registry from C:\Users\Bee kay\AppData\Local\openvr\openvrpaths.vrpath
Unable to read VR Path Registry from C:\Users\Bee kay\AppData\Local\openvr\openvrpaths.vrpath
Unable to read VR Path Registry from C:\Users\Bee kay\AppData\Local\openvr\openvrpaths.vrpath
1564254369049	Marionette	INFO	Listening on port 53723
1564254369477	Marionette	WARN	TLS certificate errors will be ignored for this session
[Parent 7344, Gecko_IOThread] WARNING: pipe error: 109: file z:/build/build/src/ipc/chromium/src/chrome/common/ipc_channel_win.cc, line 332
[Child 4740, Chrome_ChildThread] WARNING: pipe error: 109: file z:/build/build/src/ipc/chromium/src/chrome/common/i[Chip
###!!! [Child][RunMessage] Error: Channel closing: too late to send/recv, messages will be lost

ld 1666c_cha0, Chrnome_ChnildThreead]l _
###!!! [Child][RunMessage] Error: Channel closing: too late to send/recv, messages will be lost

WwAiRNING: pipe error: 109: file z:/build/buin
###!!! [Child][RunMessage] Error: Channel closing: too late to send/recv, messages will be lost

ld/src/ipc/chromium/src/chrome/common/ipc_channel_win.cc, line 332.
cc, line 332
[Child 16660, Chrome_ChildThread] WARNING:[Child 4740, Chrome_Chil[Parent 7344, Gecko_IOThread] WARNING: pipe error: 109: file z:/build/build/src/ipc/chromium/src/chrome/common/ipc_channel_win.cc, line 332

###!!! [Child][MessageChannel::SendAndWait] Error: Channel error: cannot send/recv

ipe error: 109: file z:/build/build/src/ipc/chromium/src/chrome/common/ipc_channel_win.cc, line 332
[[Parent 1452, Gecko_IOThread] WARNING: pipe error: 109: file z:/build/build/src/ipc/chromium/src/chrome/common/ipc_channel_win.cc, line 332
*** UTM:SVC TimerManager:registerTimer called after profile-before-change notification. Ignoring timer registration for id: telemetry_modules_ping

###!!! [Child][MessageChannel::SendAndWait] Error: Channel error: cannot send/recv

1564254558338	mozrunner::runner	INFO	Running command: "C:\\Program Files\\Mozilla Firefox\\firefox.exe" "-marionette" "-foreground" "-no-remote" "-profile" "C:\\Users\\BEEKAY~1\\AppData\\Local\\Temp\\rust_mozprofile.QSVcbmHPKfsb"
Unable to read VR Path Registry from C:\Users\Bee kay\AppData\Local\openvr\openvrpaths.vrpath
Unable to read VR Path Registry from C:\Users\Bee kay\AppData\Local\openvr\openvrpaths.vrpath
Unable to read VR Path Registry from C:\Users\Bee kay\AppData\Local\openvr\openvrpaths.vrpath
Unable to read VR Path Registry from C:\Users\Bee kay\AppData\Local\openvr\openvrpaths.vrpath
Unable to read VR Path Registry from C:\Users\Bee kay\AppData\Local\openvr\openvrpaths.vrpath
1564254565135	Marionette	INFO	Listening on port 53859
1564254565519	Marionette	WARN	TLS certificate errors will be ignored for this session
[Parent 14252, Gecko_IOThread] WARNING: pipe error: 109: file z:/build/build/src/ipc/chromium/src/chrome/common/ipc_channel_win.cc, line 332
[Child 7840, Chrome_ChildThread] WARNING: pipe error: 109: file z:/build/build/src/ipc/chromium/src/chrome/common/ipc_channel_win.cc, line 332
[Child 7[Parent 14252, Gecko_IOThread] WARNING: pipe error: 109: file z:/build/build/src/ipc/chromium/src/chrome/common/ipc_channel_win.cc, line 332
*** UTM:SVC TimerManager:registerTimer called after profile-before-change notification. Ignoring timer registration for id: telemetry_modules_ping

###!!! [Child][MessageChannel::SendAndWait] Error: Channel error: cannot send/recv

1564297374646	mozrunner::runner	INFO	Running command: "C:\\Program Files\\Mozilla Firefox\\firefox.exe" "-marionette" "-foreground" "-no-remote" "-profile" "C:\\Users\\BEEKAY~1\\AppData\\Local\\Temp\\rust_mozprofile.Y9Gr89MEkHNX"
Unable to read VR Path Registry from C:\Users\Bee kay\AppData\Local\openvr\openvrpaths.vrpath
Unable to read VR Path Registry from C:\Users\Bee kay\AppData\Local\openvr\openvrpaths.vrpath
Unable to read VR Path Registry from C:\Users\Bee kay\AppData\Local\openvr\openvrpaths.vrpath
Unable to read VR Path Registry from C:\Users\Bee kay\AppData\Local\openvr\openvrpaths.vrpath
Unable to read VR Path Registry from C:\Users\Bee kay\AppData\Local\openvr\openvrpaths.vrpath
1564297380388	Marionette	INFO	Listening on port 56942
1564297380719	Marionette	WARN	TLS certificate errors will be ignored for this session
[Child 1512, Chrome_ChildThread] WARNING: pipe error: 109: file z:/build/build/src/ipc/chromium/src/chrome/common/ipc_channel_win.cc, line 332

###!!! [Child][MessageChannel::SendAndWait] Error: Channel error: cannot send/recv

1564340103909	mozrunner::runner	INFO	Running command: "C:\\Program Files\\Mozilla Firefox\\firefox.exe" "-marionette" "-foreground" "-no-remote" "-profile" "C:\\Users\\BEEKAY~1\\AppData\\Local\\Temp\\rust_mozprofile.NMK2Yy4EAsmH"
Unable to read VR Path Registry from C:\Users\Bee kay\AppData\Local\openvr\openvrpaths.vrpath
Unable to read VR Path Registry from C:\Users\Bee kay\AppData\Local\openvr\openvrpaths.vrpath
Unable to read VR Path Registry from C:\Users\Bee kay\AppData\Local\openvr\openvrpaths.vrpath
Unable to read VR Path Registry from C:\Users\Bee kay\AppData\Local\openvr\openvrpaths.vrpath
Unable to read VR Path Registry from C:\Users\Bee kay\AppData\Local\openvr\openvrpaths.vrpath
1564340116005	Marionette	INFO	Listening on port 51437
1564340116767	Marionette	WARN	TLS certificate errors will be ignored for this session
1564340145756	mozrunner::runner	INFO	Running command: "C:\\Program Files\\Mozilla Firefox\\firefox.exe" "-marionette" "-foreground" "-no-remote" "-profile" "C:\\Users\\BEEKAY~1\\AppData\\Local\\Temp\\rust_mozprofile.2uvFw6snoYqo"
Unable to read VR Path Registry from C:\Users\Bee kay\AppData\Local\openvr\openvrpaths.vrpath
Unable to read VR Path Registry from C:\Users\Bee kay\AppData\Local\openvr\openvrpaths.vrpath
Unable to read VR Path Registry from C:\Users\Bee kay\AppData\Local\openvr\openvrpaths.vrpath
Unable to read VR Path Registry from C:\Users\Bee kay\AppData\Local\openvr\openvrpaths.vrpath
Unable to read VR Path Registry from C:\Users\Bee kay\AppData\Local\openvr\openvrpaths.vrpath
1564340152765	Marionette	INFO	Listening on port 51534
1564340153130	Marionette	WARN	TLS certificate errors will be ignored for this session
JavaScript error: , line 0: uncaught exception: undefined
[Parent 7940, Gecko_IOThread] WARNING: pipe error: 109: file z:/build/build/src/ipc/chromium/src/chrome/common/ipc_channel_win.cc, line 332
[Parent 7940, Gecko_IOThread] WARNING: pipe error: 109: file z:/build/build/src/ipc/chromium/src/chrome/common/ipc_channel_win.cc, line 332
[Child 14224, Chrome_ChildThread] WARNING: pipe error: 232: file z:/build/build/src/ipc/chromium/src/chrome/common/ipc_channel_win.cc, line 493

###!!! [Child][RunMessage] Error: Channel error: cannot send/recv

[Child 14224, Chrome_ChildThread] WARNING: pipe error: 109: file z:/build/build/src/ipc/chromium/src/chrome/common/ipc_channel_win.cc, line 332

###!!! [Child][RunMessage] Error: Channel error: cannot send/recv


###!!! [Child][RunMessage] Error: Channel error: cannot send/recv


###!!! [Child][RunMessage] Error: Channel error: cannot send/recv

[Parent 7940, Gecko_IOThread] WARNING: pipe error: 109: file z:/build/build/src/ipc/chromium/src/chrome/common/ipc_channel_win.cc, line 332
[Child 7820, Chrome_ChildThread] WARNING: pipe error: 109: file z:/build/build/src/ipc/chromium/src/chrome/common/ipc_channel_win.cc, line 332
[Child
###!!! [Child][MessageChannel::SendAndWait] Error: Channel error: cannot send/recv

1564340339909	mozrunner::runner	INFO	Running command: "C:\\Program Files\\Mozilla Firefox\\firefox.exe" "-marionette" "-foreground" "-no-remote" "-profile" "C:\\Users\\BEEKAY~1\\AppData\\Local\\Temp\\rust_mozprofile.MRcG4UPUMbxO"
Unable to read VR Path Registry from C:\Users\Bee kay\AppData\Local\openvr\openvrpaths.vrpath
Unable to read VR Path Registry from C:\Users\Bee kay\AppData\Local\openvr\openvrpaths.vrpath
Unable to read VR Path Registry from C:\Users\Bee kay\AppData\Local\openvr\openvrpaths.vrpath
Unable to read VR Path Registry from C:\Users\Bee kay\AppData\Local\openvr\openvrpaths.vrpath
Unable to read VR Path Registry from C:\Users\Bee kay\AppData\Local\openvr\openvrpaths.vrpath
1564340345490	Marionette	INFO	Listening on port 51861
1564340345513	Marionette	WARN	TLS certificate errors will be ignored for this session
JavaScript error: https://static.xx.fbcdn.net/rsrc.php/v3/yc/r/pLed7Kfu54N.js?_nc_x=Ij3Wp8lg5Kz, line 11: too much recursion
JavaScript error: https://static.xx.fbcdn.net/rsrc.php/v3/yc/r/pLed7Kfu54N.js?_nc_x=Ij3Wp8lg5Kz, line 11: too much recursion
[Child 8720, Chrome_ChildThread] WARNING: pipe error: 109: file z:/build/build/src/ipc/chromium/src/chrome/common/ipc_channel_win.cc, line 332
[Child[Parent 9648, Gecko_IOThread] WARNING: pipe error: 109: file z:/build/build/src/ipc/chromium/src/chrome/common/ipc_channel_win.cc, line 332
[Child 8160, Chrome_ChildThread] WARNING: pipe error: 109: file z:/build/build/src/ipc/chromium/src/chrome/common/ipc_channel_win.cc, line 332
[Child [Parent 9648, Gecko_IOThread] WARNING: pipe error: 109: file z:/build/build/src/ipc/chromium/src/chrome/common/ipc_channel_win.cc, line 332
[Child 11580, Chrome_ChildThread] WARNING: pipe error: 109: file z:/build/build/src/ipc/chromium/src/chrome/common/ipc_channel_win.cc, line 332
[Child 1
###!!! [Child][MessageChannel::SendAndWait] Error: Channel error: cannot send/recv

1564341071463	mozrunner::runner	INFO	Running command: "C:\\Program Files\\Mozilla Firefox\\firefox.exe" "-marionette" "-foreground" "-no-remote" "-profile" "C:\\Users\\BEEKAY~1\\AppData\\Local\\Temp\\rust_mozprofile.xMEm9vh3OZGU"
Unable to read VR Path Registry from C:\Users\Bee kay\AppData\Local\openvr\openvrpaths.vrpath
Unable to read VR Path Registry from C:\Users\Bee kay\AppData\Local\openvr\openvrpaths.vrpath
Unable to read VR Path Registry from C:\Users\Bee kay\AppData\Local\openvr\openvrpaths.vrpath
Unable to read VR Path Registry from C:\Users\Bee kay\AppData\Local\openvr\openvrpaths.vrpath
Unable to read VR Path Registry from C:\Users\Bee kay\AppData\Local\openvr\openvrpaths.vrpath
1564341077808	Marionette	INFO	Listening on port 52014
1564341078118	Marionette	WARN	TLS certificate errors will be ignored for this session
[Parent 14008, Gecko_IOThread] WARNING: pipe error: 109: file z:/build/build/src/ipc/chromium/src/chrome/common/ipc_channel_win.cc, line 332
[Child 9236, Chrome_ChildThread] WARNING: pipe error: 109: file z:/build/build/src/ipc/chromium/src/chrome/common/ipc_channel_win.cc, line 332
[Child 9236, Chrome_ChildThread] WARNING: pipe error: 109: file z:/build/build/src/ipc/chromium/src/chrome/common/ipc_channel_win.cc, line 332
[Child 14872, Chrome_ChildThread] WARNING: pipe error: 232: file z:/build/build/src/ipc/chromium/src/chrome/common/ipc_channel_win.cc, line 493
[Child 14872, Chrome_Child
###!!! [Child][MessageChannel::SendAndWait] Error: Channel error: cannot send/recv

1564341366355	mozrunner::runner	INFO	Running command: "C:\\Program Files\\Mozilla Firefox\\firefox.exe" "-marionette" "-foreground" "-no-remote" "-profile" "C:\\Users\\BEEKAY~1\\AppData\\Local\\Temp\\rust_mozprofile.kMqXbtRwzoh2"
Unable to read VR Path Registry from C:\Users\Bee kay\AppData\Local\openvr\openvrpaths.vrpath
Unable to read VR Path Registry from C:\Users\Bee kay\AppData\Local\openvr\openvrpaths.vrpath
Unable to read VR Path Registry from C:\Users\Bee kay\AppData\Local\openvr\openvrpaths.vrpath
Unable to read VR Path Registry from C:\Users\Bee kay\AppData\Local\openvr\openvrpaths.vrpath
1564341372320	Marionette	INFO	Listening on port 52150
Unable to read VR Path Registry from C:\Users\Bee kay\AppData\Local\openvr\openvrpaths.vrpath
1564341372881	Marionette	WARN	TLS certificate errors will be ignored for this session
[Child 10084, Chrome_ChildThread] WARNING: pipe error: 109: file z:/build/build/src/ipc/chromium/src/chrome/common/ipc_channel_win.cc, line 332
[Child 10084, Chrome_ChildThread] WARNING: pipe error: 109: file z:/build/build/src/ipc/chromium/src/chrome/common/ipc_c[Parent 7624, Gecko_IOThread] WARNING: pipe error: 109: file z:/build/build/src/ipc/chromium/src/chrome/common/ipc_channel_win.cc, line 332

###!!! [Child][MessageChannel::SendAndWait] Error: Channel error: cannot send/recv

